2019-07-23 00:18:17,738 Namespace(cfg='experiments/tiger/hrnet/w32_288x384_adam_lr1e-3.yaml', dataDir='', logDir='', modelDir='', opts=[], prevModelDir='')
2019-07-23 00:18:17,738 AUTO_RESUME: True
CUDNN:
  BENCHMARK: False
  DETERMINISTIC: False
  ENABLED: False
DATASET:
  COLOR_RGB: True
  DATASET: tiger
  DATA_FORMAT: jpg
  FLIP: False
  HYBRID_JOINTS_TYPE: 
  NUM_JOINTS_HALF_BODY: 8
  PROB_HALF_BODY: 0.3
  ROOT: data/tiger/pose/
  ROT_FACTOR: 25
  SCALE_FACTOR: 0.35
  SELECT_DATA: False
  TEST_SET: val
  TRAIN_SET: train
DATA_DIR: 
DEBUG:
  DEBUG: True
  SAVE_BATCH_IMAGES_GT: True
  SAVE_BATCH_IMAGES_PRED: True
  SAVE_HEATMAPS_GT: True
  SAVE_HEATMAPS_PRED: True
GPUS: (0,)
LOG_DIR: log
LOSS:
  TOPK: 8
  USE_DIFFERENT_JOINTS_WEIGHT: False
  USE_OHKM: False
  USE_TARGET_WEIGHT: False
MODEL:
  EXTRA:
    FINAL_CONV_KERNEL: 1
    PRETRAINED_LAYERS: ['conv1', 'bn1', 'conv2', 'bn2', 'layer1', 'transition1', 'stage2', 'transition2', 'stage3', 'transition3', 'stage4']
    STAGE2:
      BLOCK: BASIC
      FUSE_METHOD: SUM
      NUM_BLOCKS: [4, 4]
      NUM_BRANCHES: 2
      NUM_CHANNELS: [32, 64]
      NUM_MODULES: 1
    STAGE3:
      BLOCK: BASIC
      FUSE_METHOD: SUM
      NUM_BLOCKS: [4, 4, 4]
      NUM_BRANCHES: 3
      NUM_CHANNELS: [32, 64, 128]
      NUM_MODULES: 4
    STAGE4:
      BLOCK: BASIC
      FUSE_METHOD: SUM
      NUM_BLOCKS: [4, 4, 4, 4]
      NUM_BRANCHES: 4
      NUM_CHANNELS: [32, 64, 128, 256]
      NUM_MODULES: 3
  HEATMAP_SIZE: [96, 72]
  IMAGE_SIZE: [384, 288]
  INIT_WEIGHTS: True
  NAME: pose_hrnet
  NUM_JOINTS: 15
  PRETRAINED: models/pytorch/imagenet/hrnet_w32-36af842e.pth
  SIGMA: 3
  TAG_PER_JOINT: True
  TARGET_TYPE: gaussian
OUTPUT_DIR: output
PIN_MEMORY: True
PRINT_FREQ: 40
RANK: 0
TEST:
  BATCH_SIZE_PER_GPU: 8
  BBOX_THRE: 1.0
  COCO_BBOX_FILE: data/tiger/pose/atrw_anno_pose_train/keypoint_val.json
  FLIP_TEST: False
  IMAGE_THRE: 0.0
  IN_VIS_THRE: 0.0
  MODEL_FILE: output/tiger/pose_hrnet/w32_288x384_adam_lr1e-3/model_best.pth
  NMS_THRE: 1.0
  OKS_THRE: 0.9
  POST_PROCESS: True
  SHIFT_HEATMAP: True
  SOFT_NMS: False
  USE_GT_BBOX: False
TRAIN:
  BATCH_SIZE_PER_GPU: 8
  BEGIN_EPOCH: 0
  CHECKPOINT: 
  END_EPOCH: 20
  GAMMA1: 0.99
  GAMMA2: 0.0
  LR: 0.001
  LR_FACTOR: 0.1
  LR_STEP: [10, 15]
  MOMENTUM: 0.9
  NESTEROV: False
  OPTIMIZER: adam
  RESUME: False
  SHUFFLE: True
  WD: 0.0001
WORKERS: 2
2019-07-23 00:18:17,990 => init weights from normal distribution
2019-07-23 00:18:20,322 => loading pretrained model models/pytorch/imagenet/hrnet_w32-36af842e.pth
2019-07-23 00:18:21,010 
Total Parameters: 28,536,047
----------------------------------------------------------------------------------------------------------------------------------
Total Multiply Adds (For Convolution and Linear Layers only): 16.019508361816406 GFLOPs
----------------------------------------------------------------------------------------------------------------------------------
Number of Layers
Conv2d : 293 layers   BatchNorm2d : 292 layers   ReLU : 261 layers   Bottleneck : 4 layers   BasicBlock : 104 layers   Upsample : 28 layers   HighResolutionModule : 8 layers   
2019-07-23 00:18:21,108 => classes: ['__background__', 'tiger']
2019-07-23 00:18:21,108 => num_images: 3609
2019-07-23 00:18:21,362 => load 2193 samples
2019-07-23 00:18:21,365 => classes: ['__background__', 'tiger']
2019-07-23 00:18:21,365 => num_images: 515
2019-07-23 00:18:21,396 => Total boxes: 515
2019-07-23 00:18:21,403 => Total boxes after fliter low score@0.0: 515
2019-07-23 00:18:21,404 => load 515 samples
2019-07-23 00:18:22,629 Epoch: [0][0/275]	Time 1.220s (1.220s)	Speed 6.6 samples/s	Data 0.189s (0.189s)	Loss 0.00169 (0.00169)	Accuracy 0.018 (0.018)
2019-07-23 00:19:02,114 Epoch: [0][40/275]	Time 0.980s (0.993s)	Speed 8.2 samples/s	Data 0.000s (0.009s)	Loss 0.00092 (0.00126)	Accuracy 0.623 (0.353)
2019-07-23 00:19:41,755 Epoch: [0][80/275]	Time 0.987s (0.992s)	Speed 8.1 samples/s	Data 0.000s (0.007s)	Loss 0.00118 (0.00117)	Accuracy 0.497 (0.428)
2019-07-23 00:20:21,586 Epoch: [0][120/275]	Time 0.995s (0.993s)	Speed 8.0 samples/s	Data 0.000s (0.007s)	Loss 0.00103 (0.00111)	Accuracy 0.536 (0.465)
2019-07-23 00:21:01,504 Epoch: [0][160/275]	Time 0.994s (0.994s)	Speed 8.0 samples/s	Data 0.000s (0.006s)	Loss 0.00096 (0.00107)	Accuracy 0.495 (0.496)
2019-07-23 00:21:41,594 Epoch: [0][200/275]	Time 0.989s (0.996s)	Speed 8.1 samples/s	Data 0.000s (0.006s)	Loss 0.00083 (0.00104)	Accuracy 0.491 (0.512)
2019-07-23 00:22:21,642 Epoch: [0][240/275]	Time 0.995s (0.997s)	Speed 8.0 samples/s	Data 0.000s (0.006s)	Loss 0.00093 (0.00101)	Accuracy 0.656 (0.527)
2019-07-23 00:22:55,373 Test: [0/65]	Time 0.396 (0.396)	Loss 0.0027 (0.0027)	Accuracy 0.000 (0.000)
2019-07-23 00:23:06,593 Test: [40/65]	Time 0.275 (0.283)	Loss 0.0027 (0.0028)	Accuracy 0.000 (0.002)
2019-07-23 00:23:13,269 => writing results json to output/tiger/pose_hrnet/w32_288x384_adam_lr1e-3/results/keypoints_val_results_0.json
2019-07-23 00:23:13,663 | Arch | AP | Ap .5 | AP .75 | AP (M) | AP (L) | AR | AR .5 | AR .75 | AR (M) | AR (L) |
2019-07-23 00:23:13,663 |---|---|---|---|---|---|---|---|---|---|---|
2019-07-23 00:23:13,663 | pose_hrnet | 0.487 | 0.944 | 0.453 | -1.000 | 0.487 | 0.549 | 0.950 | 0.569 | -1.000 | 0.549 |
2019-07-23 00:23:13,666 => saving checkpoint to output/tiger/pose_hrnet/w32_288x384_adam_lr1e-3
2019-07-23 00:23:15,244 Epoch: [1][0/275]	Time 1.102s (1.102s)	Speed 7.3 samples/s	Data 0.112s (0.112s)	Loss 0.00100 (0.00100)	Accuracy 0.673 (0.673)
2019-07-23 00:23:55,514 Epoch: [1][40/275]	Time 0.997s (1.009s)	Speed 8.0 samples/s	Data 0.000s (0.008s)	Loss 0.00086 (0.00102)	Accuracy 0.616 (0.561)
2019-07-23 00:24:37,184 Epoch: [1][80/275]	Time 0.999s (1.025s)	Speed 8.0 samples/s	Data 0.000s (0.024s)	Loss 0.00058 (0.00094)	Accuracy 0.622 (0.584)
2019-07-23 00:25:17,443 Epoch: [1][120/275]	Time 1.003s (1.019s)	Speed 8.0 samples/s	Data 0.000s (0.018s)	Loss 0.00079 (0.00090)	Accuracy 0.665 (0.607)
2019-07-23 00:25:57,776 Epoch: [1][160/275]	Time 0.991s (1.016s)	Speed 8.1 samples/s	Data 0.000s (0.014s)	Loss 0.00071 (0.00087)	Accuracy 0.771 (0.631)
2019-07-23 00:26:37,998 Epoch: [1][200/275]	Time 0.999s (1.014s)	Speed 8.0 samples/s	Data 0.000s (0.012s)	Loss 0.00078 (0.00085)	Accuracy 0.642 (0.650)
2019-07-23 00:27:18,465 Epoch: [1][240/275]	Time 0.998s (1.014s)	Speed 8.0 samples/s	Data 0.000s (0.011s)	Loss 0.00079 (0.00083)	Accuracy 0.652 (0.663)
2019-07-23 00:27:52,524 Test: [0/65]	Time 0.406 (0.406)	Loss 0.0028 (0.0028)	Accuracy 0.000 (0.000)
2019-07-23 00:28:03,764 Test: [40/65]	Time 0.276 (0.284)	Loss 0.0027 (0.0028)	Accuracy 0.000 (0.000)
2019-07-23 00:28:10,448 => writing results json to output/tiger/pose_hrnet/w32_288x384_adam_lr1e-3/results/keypoints_val_results_0.json
2019-07-23 00:28:10,853 | Arch | AP | Ap .5 | AP .75 | AP (M) | AP (L) | AR | AR .5 | AR .75 | AR (M) | AR (L) |
2019-07-23 00:28:10,853 |---|---|---|---|---|---|---|---|---|---|---|
2019-07-23 00:28:10,853 | pose_hrnet | 0.823 | 0.975 | 0.919 | -1.000 | 0.823 | 0.860 | 0.988 | 0.939 | -1.000 | 0.860 |
2019-07-23 00:28:10,854 => saving checkpoint to output/tiger/pose_hrnet/w32_288x384_adam_lr1e-3
2019-07-23 00:28:22,390 Epoch: [2][0/275]	Time 1.146s (1.146s)	Speed 7.0 samples/s	Data 0.133s (0.133s)	Loss 0.00065 (0.00065)	Accuracy 0.888 (0.888)
2019-07-23 00:29:02,667 Epoch: [2][40/275]	Time 1.000s (1.010s)	Speed 8.0 samples/s	Data 0.000s (0.009s)	Loss 0.00057 (0.00068)	Accuracy 0.838 (0.811)
2019-07-23 00:29:43,008 Epoch: [2][80/275]	Time 0.996s (1.009s)	Speed 8.0 samples/s	Data 0.000s (0.007s)	Loss 0.00068 (0.00069)	Accuracy 0.858 (0.781)
2019-07-23 00:30:23,436 Epoch: [2][120/275]	Time 0.997s (1.010s)	Speed 8.0 samples/s	Data 0.000s (0.006s)	Loss 0.00057 (0.00066)	Accuracy 0.864 (0.792)
2019-07-23 00:31:03,848 Epoch: [2][160/275]	Time 1.000s (1.010s)	Speed 8.0 samples/s	Data 0.000s (0.006s)	Loss 0.00063 (0.00066)	Accuracy 0.851 (0.792)
2019-07-23 00:31:44,285 Epoch: [2][200/275]	Time 1.003s (1.010s)	Speed 8.0 samples/s	Data 0.000s (0.006s)	Loss 0.00065 (0.00066)	Accuracy 0.828 (0.793)
2019-07-23 00:32:24,645 Epoch: [2][240/275]	Time 1.006s (1.010s)	Speed 8.0 samples/s	Data 0.000s (0.006s)	Loss 0.00059 (0.00065)	Accuracy 0.734 (0.795)
2019-07-23 00:32:58,851 Test: [0/65]	Time 0.391 (0.391)	Loss 0.0030 (0.0030)	Accuracy 0.000 (0.000)
2019-07-23 00:33:10,154 Test: [40/65]	Time 0.280 (0.285)	Loss 0.0030 (0.0031)	Accuracy 0.000 (0.000)
2019-07-23 00:33:16,935 => writing results json to output/tiger/pose_hrnet/w32_288x384_adam_lr1e-3/results/keypoints_val_results_0.json
2019-07-23 00:33:17,341 | Arch | AP | Ap .5 | AP .75 | AP (M) | AP (L) | AR | AR .5 | AR .75 | AR (M) | AR (L) |
2019-07-23 00:33:17,341 |---|---|---|---|---|---|---|---|---|---|---|
2019-07-23 00:33:17,341 | pose_hrnet | 0.866 | 0.975 | 0.924 | -1.000 | 0.866 | 0.894 | 0.985 | 0.945 | -1.000 | 0.894 |
2019-07-23 00:33:17,342 => saving checkpoint to output/tiger/pose_hrnet/w32_288x384_adam_lr1e-3
2019-07-23 00:33:28,891 Epoch: [3][0/275]	Time 1.117s (1.117s)	Speed 7.2 samples/s	Data 0.121s (0.121s)	Loss 0.00049 (0.00049)	Accuracy 0.949 (0.949)
2019-07-23 00:34:09,023 Epoch: [3][40/275]	Time 1.006s (1.006s)	Speed 8.0 samples/s	Data 0.000s (0.008s)	Loss 0.00066 (0.00058)	Accuracy 0.835 (0.842)
2019-07-23 00:34:49,432 Epoch: [3][80/275]	Time 1.005s (1.008s)	Speed 8.0 samples/s	Data 0.000s (0.006s)	Loss 0.00057 (0.00058)	Accuracy 0.816 (0.828)
2019-07-23 00:35:30,041 Epoch: [3][120/275]	Time 1.010s (1.010s)	Speed 7.9 samples/s	Data 0.000s (0.006s)	Loss 0.00058 (0.00057)	Accuracy 0.830 (0.829)
2019-07-23 00:36:10,562 Epoch: [3][160/275]	Time 1.005s (1.011s)	Speed 8.0 samples/s	Data 0.000s (0.006s)	Loss 0.00072 (0.00058)	Accuracy 0.772 (0.828)
2019-07-23 00:36:50,952 Epoch: [3][200/275]	Time 1.010s (1.011s)	Speed 7.9 samples/s	Data 0.000s (0.006s)	Loss 0.00038 (0.00058)	Accuracy 0.903 (0.824)
2019-07-23 00:37:31,490 Epoch: [3][240/275]	Time 1.008s (1.011s)	Speed 7.9 samples/s	Data 0.000s (0.006s)	Loss 0.00064 (0.00058)	Accuracy 0.785 (0.827)
2019-07-23 00:38:05,550 Test: [0/65]	Time 0.397 (0.397)	Loss 0.0030 (0.0030)	Accuracy 0.000 (0.000)
2019-07-23 00:38:16,962 Test: [40/65]	Time 0.281 (0.288)	Loss 0.0030 (0.0031)	Accuracy 0.000 (0.000)
2019-07-23 00:38:23,664 => writing results json to output/tiger/pose_hrnet/w32_288x384_adam_lr1e-3/results/keypoints_val_results_0.json
2019-07-23 00:38:24,068 | Arch | AP | Ap .5 | AP .75 | AP (M) | AP (L) | AR | AR .5 | AR .75 | AR (M) | AR (L) |
2019-07-23 00:38:24,068 |---|---|---|---|---|---|---|---|---|---|---|
2019-07-23 00:38:24,068 | pose_hrnet | 0.879 | 0.974 | 0.935 | -1.000 | 0.879 | 0.906 | 0.985 | 0.950 | -1.000 | 0.906 |
2019-07-23 00:38:24,069 => saving checkpoint to output/tiger/pose_hrnet/w32_288x384_adam_lr1e-3
2019-07-23 00:38:35,652 Epoch: [4][0/275]	Time 1.154s (1.154s)	Speed 6.9 samples/s	Data 0.147s (0.147s)	Loss 0.00054 (0.00054)	Accuracy 0.805 (0.805)
2019-07-23 00:39:16,002 Epoch: [4][40/275]	Time 1.006s (1.012s)	Speed 8.0 samples/s	Data 0.000s (0.008s)	Loss 0.00070 (0.00058)	Accuracy 0.788 (0.832)
2019-07-23 00:39:56,437 Epoch: [4][80/275]	Time 1.001s (1.012s)	Speed 8.0 samples/s	Data 0.000s (0.007s)	Loss 0.00042 (0.00056)	Accuracy 0.979 (0.836)
2019-07-23 00:40:36,924 Epoch: [4][120/275]	Time 1.006s (1.012s)	Speed 8.0 samples/s	Data 0.000s (0.006s)	Loss 0.00053 (0.00055)	Accuracy 0.858 (0.836)
2019-07-23 00:41:17,453 Epoch: [4][160/275]	Time 1.004s (1.012s)	Speed 8.0 samples/s	Data 0.000s (0.006s)	Loss 0.00062 (0.00054)	Accuracy 0.857 (0.841)
2019-07-23 00:41:58,032 Epoch: [4][200/275]	Time 1.005s (1.013s)	Speed 8.0 samples/s	Data 0.000s (0.006s)	Loss 0.00042 (0.00054)	Accuracy 0.822 (0.840)
2019-07-23 00:42:38,641 Epoch: [4][240/275]	Time 1.003s (1.013s)	Speed 8.0 samples/s	Data 0.000s (0.006s)	Loss 0.00071 (0.00054)	Accuracy 0.776 (0.839)
2019-07-23 00:43:12,680 Test: [0/65]	Time 0.385 (0.385)	Loss 0.0031 (0.0031)	Accuracy 0.000 (0.000)
2019-07-23 00:43:23,969 Test: [40/65]	Time 0.276 (0.285)	Loss 0.0030 (0.0031)	Accuracy 0.000 (0.000)
2019-07-23 00:43:30,736 => writing results json to output/tiger/pose_hrnet/w32_288x384_adam_lr1e-3/results/keypoints_val_results_0.json
2019-07-23 00:43:31,143 | Arch | AP | Ap .5 | AP .75 | AP (M) | AP (L) | AR | AR .5 | AR .75 | AR (M) | AR (L) |
2019-07-23 00:43:31,143 |---|---|---|---|---|---|---|---|---|---|---|
2019-07-23 00:43:31,143 | pose_hrnet | 0.893 | 0.976 | 0.951 | -1.000 | 0.893 | 0.916 | 0.985 | 0.965 | -1.000 | 0.916 |
2019-07-23 00:43:31,144 => saving checkpoint to output/tiger/pose_hrnet/w32_288x384_adam_lr1e-3
2019-07-23 00:43:42,722 Epoch: [5][0/275]	Time 1.188s (1.188s)	Speed 6.7 samples/s	Data 0.180s (0.180s)	Loss 0.00044 (0.00044)	Accuracy 0.890 (0.890)
2019-07-23 00:44:22,929 Epoch: [5][40/275]	Time 1.003s (1.010s)	Speed 8.0 samples/s	Data 0.000s (0.009s)	Loss 0.00057 (0.00051)	Accuracy 0.832 (0.858)
2019-07-23 00:45:03,370 Epoch: [5][80/275]	Time 1.006s (1.010s)	Speed 8.0 samples/s	Data 0.000s (0.007s)	Loss 0.00043 (0.00051)	Accuracy 0.953 (0.853)
2019-07-23 00:45:43,876 Epoch: [5][120/275]	Time 1.004s (1.011s)	Speed 8.0 samples/s	Data 0.000s (0.007s)	Loss 0.00056 (0.00052)	Accuracy 0.881 (0.847)
2019-07-23 00:46:24,388 Epoch: [5][160/275]	Time 1.008s (1.012s)	Speed 7.9 samples/s	Data 0.000s (0.006s)	Loss 0.00039 (0.00052)	Accuracy 0.926 (0.850)
2019-07-23 00:47:04,899 Epoch: [5][200/275]	Time 0.996s (1.012s)	Speed 8.0 samples/s	Data 0.000s (0.006s)	Loss 0.00055 (0.00052)	Accuracy 0.828 (0.850)
2019-07-23 00:47:45,302 Epoch: [5][240/275]	Time 1.004s (1.011s)	Speed 8.0 samples/s	Data 0.000s (0.006s)	Loss 0.00046 (0.00051)	Accuracy 0.889 (0.851)
2019-07-23 00:48:19,613 Test: [0/65]	Time 0.403 (0.403)	Loss 0.0031 (0.0031)	Accuracy 0.000 (0.000)
2019-07-23 00:48:30,908 Test: [40/65]	Time 0.276 (0.285)	Loss 0.0030 (0.0031)	Accuracy 0.000 (0.000)
2019-07-23 00:48:37,863 => writing results json to output/tiger/pose_hrnet/w32_288x384_adam_lr1e-3/results/keypoints_val_results_0.json
2019-07-23 00:48:38,269 | Arch | AP | Ap .5 | AP .75 | AP (M) | AP (L) | AR | AR .5 | AR .75 | AR (M) | AR (L) |
2019-07-23 00:48:38,269 |---|---|---|---|---|---|---|---|---|---|---|
2019-07-23 00:48:38,269 | pose_hrnet | 0.887 | 0.975 | 0.944 | -1.000 | 0.887 | 0.917 | 0.988 | 0.962 | -1.000 | 0.917 |
2019-07-23 00:48:38,270 => saving checkpoint to output/tiger/pose_hrnet/w32_288x384_adam_lr1e-3
2019-07-23 00:48:47,197 Epoch: [6][0/275]	Time 1.145s (1.145s)	Speed 7.0 samples/s	Data 0.140s (0.140s)	Loss 0.00040 (0.00040)	Accuracy 0.897 (0.897)
2019-07-23 00:49:27,406 Epoch: [6][40/275]	Time 1.002s (1.009s)	Speed 8.0 samples/s	Data 0.000s (0.009s)	Loss 0.00081 (0.00052)	Accuracy 0.783 (0.861)
2019-07-23 00:50:07,802 Epoch: [6][80/275]	Time 1.000s (1.009s)	Speed 8.0 samples/s	Data 0.000s (0.007s)	Loss 0.00052 (0.00050)	Accuracy 0.794 (0.859)
2019-07-23 00:50:48,100 Epoch: [6][120/275]	Time 1.005s (1.009s)	Speed 8.0 samples/s	Data 0.000s (0.006s)	Loss 0.00048 (0.00049)	Accuracy 0.774 (0.864)
2019-07-23 00:51:28,486 Epoch: [6][160/275]	Time 1.002s (1.009s)	Speed 8.0 samples/s	Data 0.000s (0.006s)	Loss 0.00059 (0.00049)	Accuracy 0.837 (0.865)
2019-07-23 00:52:08,882 Epoch: [6][200/275]	Time 0.997s (1.009s)	Speed 8.0 samples/s	Data 0.000s (0.006s)	Loss 0.00043 (0.00050)	Accuracy 0.881 (0.864)
2019-07-23 00:52:49,321 Epoch: [6][240/275]	Time 0.999s (1.009s)	Speed 8.0 samples/s	Data 0.000s (0.005s)	Loss 0.00032 (0.00049)	Accuracy 0.956 (0.866)
2019-07-23 00:53:23,319 Test: [0/65]	Time 0.393 (0.393)	Loss 0.0032 (0.0032)	Accuracy 0.000 (0.000)
2019-07-23 00:53:34,591 Test: [40/65]	Time 0.274 (0.285)	Loss 0.0032 (0.0033)	Accuracy 0.000 (0.000)
2019-07-23 00:53:41,462 => writing results json to output/tiger/pose_hrnet/w32_288x384_adam_lr1e-3/results/keypoints_val_results_0.json
2019-07-23 00:53:41,869 | Arch | AP | Ap .5 | AP .75 | AP (M) | AP (L) | AR | AR .5 | AR .75 | AR (M) | AR (L) |
2019-07-23 00:53:41,869 |---|---|---|---|---|---|---|---|---|---|---|
2019-07-23 00:53:41,869 | pose_hrnet | 0.910 | 0.976 | 0.950 | -1.000 | 0.910 | 0.934 | 0.988 | 0.968 | -1.000 | 0.934 |
2019-07-23 00:53:41,870 => saving checkpoint to output/tiger/pose_hrnet/w32_288x384_adam_lr1e-3
2019-07-23 00:53:53,389 Epoch: [7][0/275]	Time 1.130s (1.130s)	Speed 7.1 samples/s	Data 0.124s (0.124s)	Loss 0.00037 (0.00037)	Accuracy 0.975 (0.975)
2019-07-23 00:54:33,489 Epoch: [7][40/275]	Time 1.002s (1.006s)	Speed 8.0 samples/s	Data 0.000s (0.008s)	Loss 0.00048 (0.00046)	Accuracy 0.904 (0.891)
2019-07-23 00:55:13,966 Epoch: [7][80/275]	Time 1.004s (1.009s)	Speed 8.0 samples/s	Data 0.000s (0.007s)	Loss 0.00037 (0.00045)	Accuracy 0.905 (0.882)
2019-07-23 00:55:54,650 Epoch: [7][120/275]	Time 1.003s (1.011s)	Speed 8.0 samples/s	Data 0.000s (0.006s)	Loss 0.00034 (0.00045)	Accuracy 0.931 (0.882)
2019-07-23 00:56:35,123 Epoch: [7][160/275]	Time 1.003s (1.012s)	Speed 8.0 samples/s	Data 0.000s (0.006s)	Loss 0.00036 (0.00045)	Accuracy 0.924 (0.881)
2019-07-23 00:57:15,527 Epoch: [7][200/275]	Time 1.003s (1.011s)	Speed 8.0 samples/s	Data 0.000s (0.006s)	Loss 0.00043 (0.00045)	Accuracy 0.821 (0.882)
2019-07-23 00:57:55,984 Epoch: [7][240/275]	Time 1.022s (1.011s)	Speed 7.8 samples/s	Data 0.000s (0.006s)	Loss 0.00035 (0.00045)	Accuracy 0.937 (0.883)
2019-07-23 00:58:29,995 Test: [0/65]	Time 0.425 (0.425)	Loss 0.0033 (0.0033)	Accuracy 0.000 (0.000)
2019-07-23 00:58:41,398 Test: [40/65]	Time 0.275 (0.289)	Loss 0.0032 (0.0033)	Accuracy 0.000 (0.000)
2019-07-23 00:58:48,093 => writing results json to output/tiger/pose_hrnet/w32_288x384_adam_lr1e-3/results/keypoints_val_results_0.json
2019-07-23 00:58:48,530 | Arch | AP | Ap .5 | AP .75 | AP (M) | AP (L) | AR | AR .5 | AR .75 | AR (M) | AR (L) |
2019-07-23 00:58:48,531 |---|---|---|---|---|---|---|---|---|---|---|
2019-07-23 00:58:48,531 | pose_hrnet | 0.907 | 0.975 | 0.959 | -1.000 | 0.907 | 0.932 | 0.988 | 0.971 | -1.000 | 0.932 |
2019-07-23 00:58:48,531 => saving checkpoint to output/tiger/pose_hrnet/w32_288x384_adam_lr1e-3
2019-07-23 00:58:57,422 Epoch: [8][0/275]	Time 1.135s (1.135s)	Speed 7.1 samples/s	Data 0.137s (0.137s)	Loss 0.00045 (0.00045)	Accuracy 0.887 (0.887)
2019-07-23 00:59:37,834 Epoch: [8][40/275]	Time 1.000s (1.013s)	Speed 8.0 samples/s	Data 0.000s (0.009s)	Loss 0.00040 (0.00047)	Accuracy 0.857 (0.886)
2019-07-23 01:00:18,204 Epoch: [8][80/275]	Time 1.000s (1.011s)	Speed 8.0 samples/s	Data 0.000s (0.007s)	Loss 0.00060 (0.00046)	Accuracy 0.795 (0.885)
2019-07-23 01:00:58,769 Epoch: [8][120/275]	Time 0.999s (1.012s)	Speed 8.0 samples/s	Data 0.000s (0.007s)	Loss 0.00036 (0.00045)	Accuracy 0.947 (0.882)
2019-07-23 01:01:39,575 Epoch: [8][160/275]	Time 1.010s (1.014s)	Speed 7.9 samples/s	Data 0.000s (0.008s)	Loss 0.00042 (0.00045)	Accuracy 0.874 (0.884)
2019-07-23 01:02:19,983 Epoch: [8][200/275]	Time 1.006s (1.013s)	Speed 8.0 samples/s	Data 0.000s (0.008s)	Loss 0.00040 (0.00045)	Accuracy 0.856 (0.883)
2019-07-23 01:03:00,462 Epoch: [8][240/275]	Time 1.002s (1.013s)	Speed 8.0 samples/s	Data 0.000s (0.007s)	Loss 0.00044 (0.00045)	Accuracy 0.877 (0.881)
2019-07-23 01:03:34,989 Test: [0/65]	Time 0.417 (0.417)	Loss 0.0031 (0.0031)	Accuracy 0.000 (0.000)
2019-07-23 01:03:46,280 Test: [40/65]	Time 0.274 (0.286)	Loss 0.0031 (0.0032)	Accuracy 0.000 (0.000)
2019-07-23 01:03:53,018 => writing results json to output/tiger/pose_hrnet/w32_288x384_adam_lr1e-3/results/keypoints_val_results_0.json
2019-07-23 01:03:53,424 | Arch | AP | Ap .5 | AP .75 | AP (M) | AP (L) | AR | AR .5 | AR .75 | AR (M) | AR (L) |
2019-07-23 01:03:53,424 |---|---|---|---|---|---|---|---|---|---|---|
2019-07-23 01:03:53,424 | pose_hrnet | 0.909 | 0.974 | 0.960 | -1.000 | 0.909 | 0.936 | 0.985 | 0.971 | -1.000 | 0.936 |
2019-07-23 01:03:53,425 => saving checkpoint to output/tiger/pose_hrnet/w32_288x384_adam_lr1e-3
2019-07-23 01:04:02,491 Epoch: [9][0/275]	Time 1.128s (1.128s)	Speed 7.1 samples/s	Data 0.123s (0.123s)	Loss 0.00046 (0.00046)	Accuracy 0.864 (0.864)
2019-07-23 01:04:42,618 Epoch: [9][40/275]	Time 1.004s (1.006s)	Speed 8.0 samples/s	Data 0.000s (0.008s)	Loss 0.00032 (0.00041)	Accuracy 0.971 (0.908)
2019-07-23 01:05:23,019 Epoch: [9][80/275]	Time 0.999s (1.008s)	Speed 8.0 samples/s	Data 0.000s (0.006s)	Loss 0.00043 (0.00040)	Accuracy 0.903 (0.906)
2019-07-23 01:06:03,578 Epoch: [9][120/275]	Time 0.994s (1.010s)	Speed 8.1 samples/s	Data 0.000s (0.006s)	Loss 0.00037 (0.00039)	Accuracy 0.905 (0.903)
2019-07-23 01:06:44,010 Epoch: [9][160/275]	Time 1.004s (1.010s)	Speed 8.0 samples/s	Data 0.000s (0.006s)	Loss 0.00037 (0.00039)	Accuracy 0.891 (0.905)
2019-07-23 01:07:24,436 Epoch: [9][200/275]	Time 1.006s (1.010s)	Speed 8.0 samples/s	Data 0.000s (0.006s)	Loss 0.00038 (0.00039)	Accuracy 0.874 (0.906)
2019-07-23 01:08:04,802 Epoch: [9][240/275]	Time 1.006s (1.010s)	Speed 8.0 samples/s	Data 0.000s (0.005s)	Loss 0.00033 (0.00038)	Accuracy 0.964 (0.907)
2019-07-23 01:08:38,867 Test: [0/65]	Time 0.410 (0.410)	Loss 0.0032 (0.0032)	Accuracy 0.000 (0.000)
2019-07-23 01:08:50,233 Test: [40/65]	Time 0.277 (0.287)	Loss 0.0031 (0.0032)	Accuracy 0.000 (0.000)
2019-07-23 01:08:57,047 => writing results json to output/tiger/pose_hrnet/w32_288x384_adam_lr1e-3/results/keypoints_val_results_0.json
2019-07-23 01:08:57,452 | Arch | AP | Ap .5 | AP .75 | AP (M) | AP (L) | AR | AR .5 | AR .75 | AR (M) | AR (L) |
2019-07-23 01:08:57,452 |---|---|---|---|---|---|---|---|---|---|---|
2019-07-23 01:08:57,452 | pose_hrnet | 0.912 | 0.975 | 0.946 | -1.000 | 0.912 | 0.940 | 0.988 | 0.968 | -1.000 | 0.940 |
2019-07-23 01:08:57,453 => saving checkpoint to output/tiger/pose_hrnet/w32_288x384_adam_lr1e-3
2019-07-23 01:09:08,986 Epoch: [10][0/275]	Time 1.130s (1.130s)	Speed 7.1 samples/s	Data 0.125s (0.125s)	Loss 0.00023 (0.00023)	Accuracy 1.000 (1.000)
2019-07-23 01:09:49,131 Epoch: [10][40/275]	Time 1.000s (1.007s)	Speed 8.0 samples/s	Data 0.000s (0.008s)	Loss 0.00038 (0.00035)	Accuracy 0.899 (0.917)
2019-07-23 01:10:29,593 Epoch: [10][80/275]	Time 1.003s (1.009s)	Speed 8.0 samples/s	Data 0.000s (0.007s)	Loss 0.00034 (0.00036)	Accuracy 0.884 (0.910)
2019-07-23 01:11:10,079 Epoch: [10][120/275]	Time 1.012s (1.010s)	Speed 7.9 samples/s	Data 0.000s (0.006s)	Loss 0.00037 (0.00036)	Accuracy 0.870 (0.909)
2019-07-23 01:11:50,595 Epoch: [10][160/275]	Time 0.999s (1.011s)	Speed 8.0 samples/s	Data 0.000s (0.006s)	Loss 0.00032 (0.00036)	Accuracy 0.952 (0.911)
2019-07-23 01:12:30,975 Epoch: [10][200/275]	Time 1.007s (1.011s)	Speed 7.9 samples/s	Data 0.000s (0.006s)	Loss 0.00026 (0.00036)	Accuracy 0.967 (0.913)
2019-07-23 01:13:11,448 Epoch: [10][240/275]	Time 1.002s (1.011s)	Speed 8.0 samples/s	Data 0.000s (0.006s)	Loss 0.00029 (0.00035)	Accuracy 0.948 (0.913)
2019-07-23 01:13:45,400 Test: [0/65]	Time 0.401 (0.401)	Loss 0.0032 (0.0032)	Accuracy 0.000 (0.000)
2019-07-23 01:13:56,724 Test: [40/65]	Time 0.273 (0.286)	Loss 0.0031 (0.0032)	Accuracy 0.000 (0.000)
2019-07-23 01:14:03,404 => writing results json to output/tiger/pose_hrnet/w32_288x384_adam_lr1e-3/results/keypoints_val_results_0.json
2019-07-23 01:14:03,809 | Arch | AP | Ap .5 | AP .75 | AP (M) | AP (L) | AR | AR .5 | AR .75 | AR (M) | AR (L) |
2019-07-23 01:14:03,809 |---|---|---|---|---|---|---|---|---|---|---|
2019-07-23 01:14:03,809 | pose_hrnet | 0.921 | 0.975 | 0.960 | -1.000 | 0.921 | 0.945 | 0.988 | 0.974 | -1.000 | 0.945 |
2019-07-23 01:14:03,810 => saving checkpoint to output/tiger/pose_hrnet/w32_288x384_adam_lr1e-3
2019-07-23 01:14:15,382 Epoch: [11][0/275]	Time 1.141s (1.141s)	Speed 7.0 samples/s	Data 0.141s (0.141s)	Loss 0.00025 (0.00025)	Accuracy 0.950 (0.950)
2019-07-23 01:14:55,547 Epoch: [11][40/275]	Time 0.999s (1.007s)	Speed 8.0 samples/s	Data 0.000s (0.008s)	Loss 0.00035 (0.00034)	Accuracy 0.904 (0.918)
2019-07-23 01:15:36,094 Epoch: [11][80/275]	Time 0.999s (1.011s)	Speed 8.0 samples/s	Data 0.000s (0.007s)	Loss 0.00036 (0.00036)	Accuracy 0.884 (0.905)
2019-07-23 01:16:16,559 Epoch: [11][120/275]	Time 1.005s (1.011s)	Speed 8.0 samples/s	Data 0.000s (0.006s)	Loss 0.00033 (0.00035)	Accuracy 0.982 (0.911)
2019-07-23 01:16:57,106 Epoch: [11][160/275]	Time 1.008s (1.012s)	Speed 7.9 samples/s	Data 0.000s (0.006s)	Loss 0.00030 (0.00035)	Accuracy 0.941 (0.911)
2019-07-23 01:17:37,659 Epoch: [11][200/275]	Time 1.006s (1.012s)	Speed 8.0 samples/s	Data 0.000s (0.006s)	Loss 0.00022 (0.00035)	Accuracy 0.964 (0.913)
2019-07-23 01:18:18,122 Epoch: [11][240/275]	Time 1.000s (1.012s)	Speed 8.0 samples/s	Data 0.000s (0.006s)	Loss 0.00057 (0.00035)	Accuracy 0.805 (0.913)
2019-07-23 01:18:52,269 Test: [0/65]	Time 0.417 (0.417)	Loss 0.0032 (0.0032)	Accuracy 0.000 (0.000)
2019-07-23 01:19:03,572 Test: [40/65]	Time 0.276 (0.286)	Loss 0.0032 (0.0033)	Accuracy 0.000 (0.000)
2019-07-23 01:19:10,309 => writing results json to output/tiger/pose_hrnet/w32_288x384_adam_lr1e-3/results/keypoints_val_results_0.json
2019-07-23 01:19:10,718 | Arch | AP | Ap .5 | AP .75 | AP (M) | AP (L) | AR | AR .5 | AR .75 | AR (M) | AR (L) |
2019-07-23 01:19:10,718 |---|---|---|---|---|---|---|---|---|---|---|
2019-07-23 01:19:10,718 | pose_hrnet | 0.923 | 0.975 | 0.959 | -1.000 | 0.923 | 0.948 | 0.988 | 0.974 | -1.000 | 0.948 |
2019-07-23 01:19:10,719 => saving checkpoint to output/tiger/pose_hrnet/w32_288x384_adam_lr1e-3
2019-07-23 01:19:22,290 Epoch: [12][0/275]	Time 1.146s (1.146s)	Speed 7.0 samples/s	Data 0.136s (0.136s)	Loss 0.00025 (0.00025)	Accuracy 0.992 (0.992)
2019-07-23 01:20:02,439 Epoch: [12][40/275]	Time 1.004s (1.007s)	Speed 8.0 samples/s	Data 0.000s (0.008s)	Loss 0.00033 (0.00034)	Accuracy 0.973 (0.923)
2019-07-23 01:20:42,901 Epoch: [12][80/275]	Time 1.002s (1.009s)	Speed 8.0 samples/s	Data 0.000s (0.007s)	Loss 0.00031 (0.00034)	Accuracy 0.895 (0.919)
2019-07-23 01:21:23,391 Epoch: [12][120/275]	Time 1.003s (1.010s)	Speed 8.0 samples/s	Data 0.000s (0.007s)	Loss 0.00040 (0.00034)	Accuracy 0.911 (0.916)
2019-07-23 01:22:03,803 Epoch: [12][160/275]	Time 1.007s (1.010s)	Speed 7.9 samples/s	Data 0.000s (0.006s)	Loss 0.00036 (0.00034)	Accuracy 0.938 (0.917)
2019-07-23 01:22:44,336 Epoch: [12][200/275]	Time 1.004s (1.011s)	Speed 8.0 samples/s	Data 0.000s (0.006s)	Loss 0.00027 (0.00034)	Accuracy 0.910 (0.918)
2019-07-23 01:23:24,643 Epoch: [12][240/275]	Time 0.995s (1.010s)	Speed 8.0 samples/s	Data 0.000s (0.006s)	Loss 0.00044 (0.00034)	Accuracy 0.879 (0.920)
2019-07-23 01:23:58,617 Test: [0/65]	Time 0.390 (0.390)	Loss 0.0032 (0.0032)	Accuracy 0.000 (0.000)
2019-07-23 01:24:09,942 Test: [40/65]	Time 0.280 (0.286)	Loss 0.0031 (0.0032)	Accuracy 0.000 (0.000)
2019-07-23 01:24:16,645 => writing results json to output/tiger/pose_hrnet/w32_288x384_adam_lr1e-3/results/keypoints_val_results_0.json
2019-07-23 01:24:17,052 | Arch | AP | Ap .5 | AP .75 | AP (M) | AP (L) | AR | AR .5 | AR .75 | AR (M) | AR (L) |
2019-07-23 01:24:17,052 |---|---|---|---|---|---|---|---|---|---|---|
2019-07-23 01:24:17,052 | pose_hrnet | 0.920 | 0.975 | 0.959 | -1.000 | 0.920 | 0.945 | 0.988 | 0.974 | -1.000 | 0.945 |
2019-07-23 01:24:17,053 => saving checkpoint to output/tiger/pose_hrnet/w32_288x384_adam_lr1e-3
2019-07-23 01:24:25,947 Epoch: [13][0/275]	Time 1.149s (1.149s)	Speed 7.0 samples/s	Data 0.130s (0.130s)	Loss 0.00032 (0.00032)	Accuracy 0.951 (0.951)
2019-07-23 01:25:06,227 Epoch: [13][40/275]	Time 1.005s (1.010s)	Speed 8.0 samples/s	Data 0.000s (0.008s)	Loss 0.00022 (0.00033)	Accuracy 0.990 (0.924)
2019-07-23 01:25:46,606 Epoch: [13][80/275]	Time 1.002s (1.010s)	Speed 8.0 samples/s	Data 0.000s (0.006s)	Loss 0.00027 (0.00032)	Accuracy 0.930 (0.922)
2019-07-23 01:26:27,187 Epoch: [13][120/275]	Time 1.000s (1.011s)	Speed 8.0 samples/s	Data 0.000s (0.006s)	Loss 0.00032 (0.00033)	Accuracy 0.938 (0.919)
2019-07-23 01:27:07,709 Epoch: [13][160/275]	Time 1.005s (1.012s)	Speed 8.0 samples/s	Data 0.000s (0.005s)	Loss 0.00026 (0.00034)	Accuracy 0.903 (0.920)
2019-07-23 01:27:48,162 Epoch: [13][200/275]	Time 1.001s (1.012s)	Speed 8.0 samples/s	Data 0.000s (0.005s)	Loss 0.00033 (0.00034)	Accuracy 0.926 (0.920)
2019-07-23 01:28:28,547 Epoch: [13][240/275]	Time 1.007s (1.011s)	Speed 7.9 samples/s	Data 0.000s (0.005s)	Loss 0.00028 (0.00033)	Accuracy 0.963 (0.922)
2019-07-23 01:29:02,560 Test: [0/65]	Time 0.401 (0.401)	Loss 0.0032 (0.0032)	Accuracy 0.000 (0.000)
2019-07-23 01:29:13,939 Test: [40/65]	Time 0.278 (0.287)	Loss 0.0032 (0.0032)	Accuracy 0.000 (0.000)
2019-07-23 01:29:20,628 => writing results json to output/tiger/pose_hrnet/w32_288x384_adam_lr1e-3/results/keypoints_val_results_0.json
2019-07-23 01:29:21,032 | Arch | AP | Ap .5 | AP .75 | AP (M) | AP (L) | AR | AR .5 | AR .75 | AR (M) | AR (L) |
2019-07-23 01:29:21,032 |---|---|---|---|---|---|---|---|---|---|---|
2019-07-23 01:29:21,032 | pose_hrnet | 0.922 | 0.975 | 0.959 | -1.000 | 0.922 | 0.948 | 0.988 | 0.974 | -1.000 | 0.948 |
2019-07-23 01:29:21,033 => saving checkpoint to output/tiger/pose_hrnet/w32_288x384_adam_lr1e-3
2019-07-23 01:29:29,950 Epoch: [14][0/275]	Time 1.118s (1.118s)	Speed 7.2 samples/s	Data 0.118s (0.118s)	Loss 0.00028 (0.00028)	Accuracy 0.992 (0.992)
2019-07-23 01:30:10,283 Epoch: [14][40/275]	Time 0.999s (1.011s)	Speed 8.0 samples/s	Data 0.000s (0.008s)	Loss 0.00045 (0.00032)	Accuracy 0.852 (0.924)
2019-07-23 01:30:50,753 Epoch: [14][80/275]	Time 1.000s (1.011s)	Speed 8.0 samples/s	Data 0.000s (0.007s)	Loss 0.00035 (0.00032)	Accuracy 0.955 (0.925)
2019-07-23 01:31:31,193 Epoch: [14][120/275]	Time 1.004s (1.011s)	Speed 8.0 samples/s	Data 0.000s (0.006s)	Loss 0.00025 (0.00032)	Accuracy 0.981 (0.923)
2019-07-23 01:32:11,648 Epoch: [14][160/275]	Time 1.003s (1.011s)	Speed 8.0 samples/s	Data 0.000s (0.006s)	Loss 0.00055 (0.00033)	Accuracy 0.828 (0.923)
2019-07-23 01:32:52,127 Epoch: [14][200/275]	Time 1.009s (1.011s)	Speed 7.9 samples/s	Data 0.000s (0.006s)	Loss 0.00030 (0.00033)	Accuracy 0.930 (0.922)
2019-07-23 01:33:32,672 Epoch: [14][240/275]	Time 1.005s (1.012s)	Speed 8.0 samples/s	Data 0.000s (0.006s)	Loss 0.00044 (0.00033)	Accuracy 0.869 (0.921)
2019-07-23 01:34:06,823 Test: [0/65]	Time 0.383 (0.383)	Loss 0.0032 (0.0032)	Accuracy 0.000 (0.000)
2019-07-23 01:34:18,177 Test: [40/65]	Time 0.274 (0.286)	Loss 0.0032 (0.0033)	Accuracy 0.000 (0.000)
2019-07-23 01:34:24,929 => writing results json to output/tiger/pose_hrnet/w32_288x384_adam_lr1e-3/results/keypoints_val_results_0.json
2019-07-23 01:34:25,337 | Arch | AP | Ap .5 | AP .75 | AP (M) | AP (L) | AR | AR .5 | AR .75 | AR (M) | AR (L) |
2019-07-23 01:34:25,337 |---|---|---|---|---|---|---|---|---|---|---|
2019-07-23 01:34:25,338 | pose_hrnet | 0.923 | 0.975 | 0.959 | -1.000 | 0.923 | 0.948 | 0.988 | 0.974 | -1.000 | 0.948 |
2019-07-23 01:34:25,338 => saving checkpoint to output/tiger/pose_hrnet/w32_288x384_adam_lr1e-3
2019-07-23 01:34:36,881 Epoch: [15][0/275]	Time 1.141s (1.141s)	Speed 7.0 samples/s	Data 0.131s (0.131s)	Loss 0.00031 (0.00031)	Accuracy 0.943 (0.943)
2019-07-23 01:35:17,069 Epoch: [15][40/275]	Time 1.006s (1.008s)	Speed 8.0 samples/s	Data 0.000s (0.009s)	Loss 0.00049 (0.00032)	Accuracy 0.807 (0.924)
2019-07-23 01:35:57,464 Epoch: [15][80/275]	Time 1.007s (1.009s)	Speed 7.9 samples/s	Data 0.000s (0.007s)	Loss 0.00027 (0.00033)	Accuracy 0.924 (0.917)
2019-07-23 01:36:38,000 Epoch: [15][120/275]	Time 1.008s (1.010s)	Speed 7.9 samples/s	Data 0.000s (0.006s)	Loss 0.00047 (0.00033)	Accuracy 0.972 (0.921)
2019-07-23 01:37:18,560 Epoch: [15][160/275]	Time 1.001s (1.011s)	Speed 8.0 samples/s	Data 0.000s (0.006s)	Loss 0.00044 (0.00033)	Accuracy 0.843 (0.920)
2019-07-23 01:37:59,017 Epoch: [15][200/275]	Time 1.001s (1.011s)	Speed 8.0 samples/s	Data 0.000s (0.006s)	Loss 0.00032 (0.00033)	Accuracy 0.921 (0.921)
2019-07-23 01:38:39,392 Epoch: [15][240/275]	Time 1.006s (1.011s)	Speed 8.0 samples/s	Data 0.000s (0.006s)	Loss 0.00026 (0.00033)	Accuracy 0.973 (0.919)
2019-07-23 01:39:13,452 Test: [0/65]	Time 0.412 (0.412)	Loss 0.0032 (0.0032)	Accuracy 0.000 (0.000)
2019-07-23 01:39:24,835 Test: [40/65]	Time 0.275 (0.288)	Loss 0.0032 (0.0032)	Accuracy 0.000 (0.000)
2019-07-23 01:39:31,644 => writing results json to output/tiger/pose_hrnet/w32_288x384_adam_lr1e-3/results/keypoints_val_results_0.json
2019-07-23 01:39:32,087 | Arch | AP | Ap .5 | AP .75 | AP (M) | AP (L) | AR | AR .5 | AR .75 | AR (M) | AR (L) |
2019-07-23 01:39:32,088 |---|---|---|---|---|---|---|---|---|---|---|
2019-07-23 01:39:32,088 | pose_hrnet | 0.922 | 0.975 | 0.959 | -1.000 | 0.922 | 0.947 | 0.988 | 0.974 | -1.000 | 0.947 |
2019-07-23 01:39:32,088 => saving checkpoint to output/tiger/pose_hrnet/w32_288x384_adam_lr1e-3
2019-07-23 01:39:40,996 Epoch: [16][0/275]	Time 1.151s (1.151s)	Speed 7.0 samples/s	Data 0.140s (0.140s)	Loss 0.00031 (0.00031)	Accuracy 0.943 (0.943)
2019-07-23 01:40:21,265 Epoch: [16][40/275]	Time 1.002s (1.010s)	Speed 8.0 samples/s	Data 0.000s (0.008s)	Loss 0.00032 (0.00031)	Accuracy 0.925 (0.936)
2019-07-23 01:41:01,592 Epoch: [16][80/275]	Time 1.007s (1.009s)	Speed 7.9 samples/s	Data 0.000s (0.007s)	Loss 0.00038 (0.00031)	Accuracy 0.933 (0.933)
2019-07-23 01:41:42,072 Epoch: [16][120/275]	Time 1.006s (1.010s)	Speed 8.0 samples/s	Data 0.000s (0.006s)	Loss 0.00040 (0.00031)	Accuracy 0.882 (0.927)
2019-07-23 01:42:22,584 Epoch: [16][160/275]	Time 1.008s (1.011s)	Speed 7.9 samples/s	Data 0.000s (0.006s)	Loss 0.00059 (0.00032)	Accuracy 0.798 (0.925)
2019-07-23 01:43:03,103 Epoch: [16][200/275]	Time 1.006s (1.011s)	Speed 8.0 samples/s	Data 0.000s (0.005s)	Loss 0.00028 (0.00032)	Accuracy 0.949 (0.922)
2019-07-23 01:43:43,552 Epoch: [16][240/275]	Time 0.996s (1.011s)	Speed 8.0 samples/s	Data 0.000s (0.005s)	Loss 0.00029 (0.00032)	Accuracy 0.888 (0.922)
2019-07-23 01:44:17,528 Test: [0/65]	Time 0.385 (0.385)	Loss 0.0032 (0.0032)	Accuracy 0.000 (0.000)
2019-07-23 01:44:28,888 Test: [40/65]	Time 0.275 (0.287)	Loss 0.0032 (0.0033)	Accuracy 0.000 (0.000)
2019-07-23 01:44:35,601 => writing results json to output/tiger/pose_hrnet/w32_288x384_adam_lr1e-3/results/keypoints_val_results_0.json
2019-07-23 01:44:36,008 | Arch | AP | Ap .5 | AP .75 | AP (M) | AP (L) | AR | AR .5 | AR .75 | AR (M) | AR (L) |
2019-07-23 01:44:36,008 |---|---|---|---|---|---|---|---|---|---|---|
2019-07-23 01:44:36,008 | pose_hrnet | 0.921 | 0.975 | 0.959 | -1.000 | 0.921 | 0.947 | 0.988 | 0.974 | -1.000 | 0.947 |
2019-07-23 01:44:36,008 => saving checkpoint to output/tiger/pose_hrnet/w32_288x384_adam_lr1e-3
2019-07-23 01:44:44,925 Epoch: [17][0/275]	Time 1.131s (1.131s)	Speed 7.1 samples/s	Data 0.123s (0.123s)	Loss 0.00033 (0.00033)	Accuracy 0.868 (0.868)
2019-07-23 01:45:25,244 Epoch: [17][40/275]	Time 1.001s (1.011s)	Speed 8.0 samples/s	Data 0.000s (0.009s)	Loss 0.00025 (0.00030)	Accuracy 0.945 (0.933)
2019-07-23 01:46:05,625 Epoch: [17][80/275]	Time 1.001s (1.010s)	Speed 8.0 samples/s	Data 0.000s (0.007s)	Loss 0.00039 (0.00031)	Accuracy 0.935 (0.929)
2019-07-23 01:46:46,161 Epoch: [17][120/275]	Time 1.008s (1.011s)	Speed 7.9 samples/s	Data 0.000s (0.006s)	Loss 0.00025 (0.00031)	Accuracy 0.992 (0.929)
2019-07-23 01:47:26,577 Epoch: [17][160/275]	Time 1.004s (1.011s)	Speed 8.0 samples/s	Data 0.000s (0.006s)	Loss 0.00036 (0.00032)	Accuracy 0.873 (0.923)
2019-07-23 01:48:07,069 Epoch: [17][200/275]	Time 0.999s (1.011s)	Speed 8.0 samples/s	Data 0.000s (0.006s)	Loss 0.00027 (0.00032)	Accuracy 0.943 (0.922)
2019-07-23 01:48:47,605 Epoch: [17][240/275]	Time 1.002s (1.012s)	Speed 8.0 samples/s	Data 0.000s (0.006s)	Loss 0.00041 (0.00032)	Accuracy 0.894 (0.924)
2019-07-23 01:49:21,595 Test: [0/65]	Time 0.384 (0.384)	Loss 0.0032 (0.0032)	Accuracy 0.000 (0.000)
2019-07-23 01:49:32,929 Test: [40/65]	Time 0.275 (0.286)	Loss 0.0032 (0.0033)	Accuracy 0.000 (0.000)
2019-07-23 01:49:39,632 => writing results json to output/tiger/pose_hrnet/w32_288x384_adam_lr1e-3/results/keypoints_val_results_0.json
2019-07-23 01:49:40,037 | Arch | AP | Ap .5 | AP .75 | AP (M) | AP (L) | AR | AR .5 | AR .75 | AR (M) | AR (L) |
2019-07-23 01:49:40,037 |---|---|---|---|---|---|---|---|---|---|---|
2019-07-23 01:49:40,037 | pose_hrnet | 0.919 | 0.975 | 0.959 | -1.000 | 0.919 | 0.946 | 0.988 | 0.974 | -1.000 | 0.946 |
2019-07-23 01:49:40,038 => saving checkpoint to output/tiger/pose_hrnet/w32_288x384_adam_lr1e-3
2019-07-23 01:49:48,892 Epoch: [18][0/275]	Time 1.112s (1.112s)	Speed 7.2 samples/s	Data 0.119s (0.119s)	Loss 0.00027 (0.00027)	Accuracy 0.954 (0.954)
2019-07-23 01:50:29,230 Epoch: [18][40/275]	Time 1.010s (1.011s)	Speed 7.9 samples/s	Data 0.000s (0.008s)	Loss 0.00026 (0.00032)	Accuracy 0.942 (0.928)
2019-07-23 01:51:09,820 Epoch: [18][80/275]	Time 0.992s (1.013s)	Speed 8.1 samples/s	Data 0.000s (0.006s)	Loss 0.00030 (0.00033)	Accuracy 0.981 (0.922)
2019-07-23 01:51:50,194 Epoch: [18][120/275]	Time 1.004s (1.012s)	Speed 8.0 samples/s	Data 0.000s (0.006s)	Loss 0.00040 (0.00032)	Accuracy 0.855 (0.925)
2019-07-23 01:52:30,635 Epoch: [18][160/275]	Time 1.010s (1.012s)	Speed 7.9 samples/s	Data 0.000s (0.005s)	Loss 0.00034 (0.00033)	Accuracy 0.949 (0.923)
2019-07-23 01:53:11,304 Epoch: [18][200/275]	Time 1.053s (1.013s)	Speed 7.6 samples/s	Data 0.000s (0.006s)	Loss 0.00026 (0.00032)	Accuracy 0.973 (0.925)
2019-07-23 01:53:51,863 Epoch: [18][240/275]	Time 1.010s (1.013s)	Speed 7.9 samples/s	Data 0.000s (0.006s)	Loss 0.00031 (0.00032)	Accuracy 0.916 (0.926)
2019-07-23 01:54:26,031 Test: [0/65]	Time 0.394 (0.394)	Loss 0.0032 (0.0032)	Accuracy 0.000 (0.000)
2019-07-23 01:54:37,509 Test: [40/65]	Time 0.272 (0.290)	Loss 0.0032 (0.0033)	Accuracy 0.000 (0.000)
2019-07-23 01:54:44,271 => writing results json to output/tiger/pose_hrnet/w32_288x384_adam_lr1e-3/results/keypoints_val_results_0.json
2019-07-23 01:54:44,675 | Arch | AP | Ap .5 | AP .75 | AP (M) | AP (L) | AR | AR .5 | AR .75 | AR (M) | AR (L) |
2019-07-23 01:54:44,675 |---|---|---|---|---|---|---|---|---|---|---|
2019-07-23 01:54:44,675 | pose_hrnet | 0.921 | 0.975 | 0.959 | -1.000 | 0.921 | 0.947 | 0.988 | 0.974 | -1.000 | 0.947 |
2019-07-23 01:54:44,676 => saving checkpoint to output/tiger/pose_hrnet/w32_288x384_adam_lr1e-3
2019-07-23 01:54:53,615 Epoch: [19][0/275]	Time 1.155s (1.155s)	Speed 6.9 samples/s	Data 0.148s (0.148s)	Loss 0.00031 (0.00031)	Accuracy 0.929 (0.929)
2019-07-23 01:55:34,045 Epoch: [19][40/275]	Time 1.022s (1.014s)	Speed 7.8 samples/s	Data 0.000s (0.008s)	Loss 0.00028 (0.00031)	Accuracy 0.955 (0.936)
2019-07-23 01:56:14,363 Epoch: [19][80/275]	Time 1.002s (1.011s)	Speed 8.0 samples/s	Data 0.000s (0.007s)	Loss 0.00033 (0.00032)	Accuracy 0.871 (0.923)
2019-07-23 01:56:54,825 Epoch: [19][120/275]	Time 1.003s (1.011s)	Speed 8.0 samples/s	Data 0.000s (0.007s)	Loss 0.00037 (0.00032)	Accuracy 0.974 (0.924)
2019-07-23 01:57:35,361 Epoch: [19][160/275]	Time 1.004s (1.012s)	Speed 8.0 samples/s	Data 0.000s (0.007s)	Loss 0.00048 (0.00032)	Accuracy 0.863 (0.923)
2019-07-23 01:58:16,178 Epoch: [19][200/275]	Time 1.004s (1.014s)	Speed 8.0 samples/s	Data 0.000s (0.008s)	Loss 0.00035 (0.00033)	Accuracy 0.908 (0.924)
2019-07-23 01:58:56,599 Epoch: [19][240/275]	Time 1.001s (1.013s)	Speed 8.0 samples/s	Data 0.000s (0.008s)	Loss 0.00043 (0.00033)	Accuracy 0.889 (0.923)
2019-07-23 01:59:30,599 Test: [0/65]	Time 0.395 (0.395)	Loss 0.0032 (0.0032)	Accuracy 0.000 (0.000)
2019-07-23 01:59:42,005 Test: [40/65]	Time 0.272 (0.288)	Loss 0.0032 (0.0032)	Accuracy 0.000 (0.000)
2019-07-23 01:59:48,744 => writing results json to output/tiger/pose_hrnet/w32_288x384_adam_lr1e-3/results/keypoints_val_results_0.json
2019-07-23 01:59:49,148 | Arch | AP | Ap .5 | AP .75 | AP (M) | AP (L) | AR | AR .5 | AR .75 | AR (M) | AR (L) |
2019-07-23 01:59:49,148 |---|---|---|---|---|---|---|---|---|---|---|
2019-07-23 01:59:49,148 | pose_hrnet | 0.920 | 0.975 | 0.959 | -1.000 | 0.920 | 0.947 | 0.988 | 0.974 | -1.000 | 0.947 |
2019-07-23 01:59:49,149 => saving checkpoint to output/tiger/pose_hrnet/w32_288x384_adam_lr1e-3
2019-07-23 01:59:56,898 => saving final model state to output/tiger/pose_hrnet/w32_288x384_adam_lr1e-3/final_state.pth
